-------------------------------------------------------------------------------
Test set: TestSuite
-------------------------------------------------------------------------------
Tests run: 2, Failures: 1, Errors: 0, Skipped: 0, Time elapsed: 46.712 sec <<< FAILURE! - in TestSuite
LoginTest_10024(org.exostar.ts.LoginTC)  Time elapsed: 20.548 sec  <<< FAILURE!
java.lang.AssertionError: User not able to enter Password expected [true] but found [false]
	at org.exostar.ts.LoginTC.LoginTest_10024(LoginTC.java:54)

