<?xml version="1.0" encoding="UTF-8"?>
<testsuite xmlns:xsi="http://www.w3.org/2001/XMLSchema-instance" xsi:schemaLocation="https://maven.apache.org/surefire/maven-surefire-plugin/xsd/surefire-test-report.xsd" name="TestSuite" time="46.712" tests="2" errors="0" skipped="0" failures="1">
  <properties>
[...]
</properties>
  <testcase name="LoginTest_10023" classname="org.exostar.ts.LoginTC" time="2.476"/>
  <testcase name="LoginTest_10024" classname="org.exostar.ts.LoginTC" time="20.548">
    <failure message="User not able to enter Password expected [true] but found [false]" type="java.lang.AssertionError">java.lang.AssertionError: User not able to enter Password expected [true] but found [false]
	at org.exostar.ts.LoginTC.LoginTest_10024(LoginTC.java:54)
</failure>
    <system-err><![CDATA[Starting ChromeDriver 2.33.506120 (e3e53437346286c0bc2d2dc9aa4915ba81d9023f) on port 9426
Only local connections are allowed.
Feb 22, 2018 4:00:27 PM org.openqa.selenium.remote.ProtocolHandshake createSession
INFO: Detected dialect: OSS
]]></system-err>
  </testcase>
</testsuite>